<?xml version="1.0" encoding="UTF-8" ?>
<testsuite tests="12" failures="0" name="runner.TestRunner" time="2.958" errors="0" skipped="0">
  <properties>
[...]
</properties>
  <testcase classname="Scenario: User opens Avanade website and look for job offers according to his requirements" name="Given User opens Avanade website" time="0.001"/>
  <testcase classname="Scenario: User opens Avanade website and look for job offers according to his requirements" name="And User navigate to the /CAREERS/ and opens /ROLES AND LOCATIONS/" time="0"/>
  <testcase classname="Scenario: User opens Avanade website and look for job offers according to his requirements" name="When User chooses /All Locations/ from /Countries/ drop-down menu" time="0"/>
  <testcase classname="Scenario: User opens Avanade website and look for job offers according to his requirements" name="And User clicks on /Search/ button" time="0"/>
  <testcase classname="Scenario: User opens Avanade website and look for job offers according to his requirements" name="And User enters /Krakow/ in /SearchBox/ field" time="0"/>
  <testcase classname="Scenario: User opens Avanade website and look for job offers according to his requirements" name="Then User checks if there is more than /5/ results for location Krakow" time="0.002"/>
  <testcase classname="Scenario: User opens Avanade website and look for job offers according to his requirements" name="And User enters /Warsaw/ in /SearchBox/ field" time="0"/>
  <testcase classname="Scenario: User opens Avanade website and look for job offers according to his requirements" name="Then User checks if there is at least /1/ result for location Warsaw" time="0"/>
  <testcase classname="Scenario: User opens Avanade website and look for job offers according to his requirements" name="And User enters sentence: /entry level/ in /SearchBox/ field" time="0.001"/>
  <testcase classname="Scenario: User opens Avanade website and look for job offers according to his requirements" name="And User checks if on of results is position /Entry Level Software Engineer, Seattle/" time="0"/>
  <testcase classname="Scenario: User opens Avanade website and look for job offers according to his requirements" name="Then User open job offer and checks if one of the qualifications is /Strong time management skills/" time="0"/>
  <testcase classname="Scenario: User opens Avanade website and look for job offers according to his requirements" name="Scenario: User opens Avanade website and look for job offers according to his requirements" time="2.954"/>
</testsuite>